<?xml version="1.0" encoding="UTF-8"?>
<!-- Generated by org.testng.reporters.JUnitXMLReporter -->
<testsuite ignored="0" hostname="PC" failures="0" tests="4" name="Testng" time="30.358" errors="0" timestamp="2023-08-01T18:46:24 EDT">
  <testcase classname="testLayer.LoginTest" name="Title" time="0.039"/>
  <testcase classname="testLayer.LoginTest" name="Login" time="2.164"/>
  <testcase classname="testLayer.LoginTest" name="Login" time="2.125"/>
  <testcase classname="testLayer.LoginTest" name="Login" time="2.129"/>
</testsuite> <!-- Testng -->
