<?xml version="1.0" encoding="UTF-8"?>
<testng-results ignored="0" total="1" passed="1" failed="0" skipped="0">
  <reporter-output>
  </reporter-output>
  <suite started-at="2023-08-02T19:21:45 EDT" name="Default suite" finished-at="2023-08-02T19:22:05 EDT" duration-ms="19835">
    <groups>
    </groups>
    <test started-at="2023-08-02T19:21:45 EDT" name="Default test" finished-at="2023-08-02T19:22:05 EDT" duration-ms="19835">
      <class name="testLayer.Dashboard">
        <test-method is-config="true" signature="initialsetup()[pri:0, instance:testLayer.Dashboard@7cc0cdad]" started-at="2023-08-02T19:21:46 EDT" name="initialsetup" finished-at="2023-08-02T19:21:50 EDT" duration-ms="4509" status="PASS">
          <reporter-output>
          </reporter-output>
        </test-method> <!-- initialsetup -->
        <test-method signature="dologin()[pri:0, instance:testLayer.Dashboard@7cc0cdad]" started-at="2023-08-02T19:21:50 EDT" name="dologin" finished-at="2023-08-02T19:22:05 EDT" duration-ms="15190" status="PASS">
          <reporter-output>
          </reporter-output>
        </test-method> <!-- dologin -->
        <test-method is-config="true" signature="close()[pri:0, instance:testLayer.Dashboard@7cc0cdad]" started-at="2023-08-02T19:22:05 EDT" name="close" finished-at="2023-08-02T19:22:05 EDT" duration-ms="112" status="PASS">
          <reporter-output>
          </reporter-output>
        </test-method> <!-- close -->
      </class> <!-- testLayer.Dashboard -->
    </test> <!-- Default test -->
  </suite> <!-- Default suite -->
</testng-results>
